Flow report for Proyecto3
Sat Dec 04 14:01:03 2021
Quartus Prime Version 18.0.0 Build 614 04/24/2018 SJ Lite Edition


---------------------
; Table of Contents ;
---------------------
  1. Legal Notice
  2. Flow Summary
  3. Flow Settings
  4. Flow Non-Default Global Settings
  5. Flow Elapsed Time
  6. Flow OS Summary
  7. Flow Log
  8. Flow Messages
  9. Flow Suppressed Messages



----------------
; Legal Notice ;
----------------
Copyright (C) 2018  Intel Corporation. All rights reserved.
Your use of Intel Corporation's design tools, logic functions 
and other software and tools, and its AMPP partner logic 
functions, and any output files from any of the foregoing 
(including device programming or simulation files), and any 
associated documentation or information are expressly subject 
to the terms and conditions of the Intel Program License 
Subscription Agreement, the Intel Quartus Prime License Agreement,
the Intel FPGA IP License Agreement, or other applicable license
agreement, including, without limitation, that your use is for
the sole purpose of programming logic devices manufactured by
Intel and sold by Intel or its authorized distributors.  Please
refer to the applicable agreement for further details.



+----------------------------------------------------------------------------------+
; Flow Summary                                                                     ;
+------------------------------------+---------------------------------------------+
; Flow Status                        ; Successful - Sat Dec 04 14:01:03 2021       ;
; Quartus Prime Version              ; 18.0.0 Build 614 04/24/2018 SJ Lite Edition ;
; Revision Name                      ; Proyecto3                                   ;
; Top-level Entity Name              ; Calculadora                                 ;
; Family                             ; MAX 10                                      ;
; Device                             ; 10M50DAF484C7G                              ;
; Timing Models                      ; Final                                       ;
; Total logic elements               ; 28 / 49,760 ( < 1 % )                       ;
;     Total combinational functions  ; 28 / 49,760 ( < 1 % )                       ;
;     Dedicated logic registers      ; 0 / 49,760 ( 0 % )                          ;
; Total registers                    ; 0                                           ;
; Total pins                         ; 14 / 360 ( 4 % )                            ;
; Total virtual pins                 ; 0                                           ;
; Total memory bits                  ; 0 / 1,677,312 ( 0 % )                       ;
; Embedded Multiplier 9-bit elements ; 0 / 288 ( 0 % )                             ;
; Total PLLs                         ; 0 / 4 ( 0 % )                               ;
; UFM blocks                         ; 0 / 1 ( 0 % )                               ;
; ADC blocks                         ; 0 / 2 ( 0 % )                               ;
+------------------------------------+---------------------------------------------+


+-----------------------------------------+
; Flow Settings                           ;
+-------------------+---------------------+
; Option            ; Setting             ;
+-------------------+---------------------+
; Start date & time ; 12/04/2021 13:58:53 ;
; Main task         ; Compilation         ;
; Revision Name     ; Proyecto3           ;
+-------------------+---------------------+


+-------------------------------------------------------------------------------------------------------------------------+
; Flow Non-Default Global Settings                                                                                        ;
+-------------------------------------+----------------------------------------+---------------+-------------+------------+
; Assignment Name                     ; Value                                  ; Default Value ; Entity Name ; Section Id ;
+-------------------------------------+----------------------------------------+---------------+-------------+------------+
; COMPILER_SIGNATURE_ID               ; 49410873717017.163864793314476         ; --            ; --          ; --         ;
; MAX_CORE_JUNCTION_TEMP              ; 85                                     ; --            ; --          ; --         ;
; MIN_CORE_JUNCTION_TEMP              ; 0                                      ; --            ; --          ; --         ;
; PARTITION_COLOR                     ; -- (Not supported for targeted family) ; --            ; Calculadora ; Top        ;
; PARTITION_FITTER_PRESERVATION_LEVEL ; -- (Not supported for targeted family) ; --            ; Calculadora ; Top        ;
; PARTITION_NETLIST_TYPE              ; -- (Not supported for targeted family) ; --            ; Calculadora ; Top        ;
; PROJECT_OUTPUT_DIRECTORY            ; output_files                           ; --            ; --          ; --         ;
; TOP_LEVEL_ENTITY                    ; Calculadora                            ; Proyecto3     ; --          ; --         ;
+-------------------------------------+----------------------------------------+---------------+-------------+------------+


+--------------------------------------------------------------------------------------------------------------------------+
; Flow Elapsed Time                                                                                                        ;
+----------------------+--------------+-------------------------+---------------------+------------------------------------+
; Module Name          ; Elapsed Time ; Average Processors Used ; Peak Virtual Memory ; Total CPU Time (on all processors) ;
+----------------------+--------------+-------------------------+---------------------+------------------------------------+
; Analysis & Synthesis ; 00:00:09     ; 1.0                     ; 4780 MB             ; 00:00:18                           ;
; Fitter               ; 00:00:05     ; 1.0                     ; 5680 MB             ; 00:00:07                           ;
; Assembler            ; 00:00:03     ; 1.0                     ; 4679 MB             ; 00:00:03                           ;
; Timing Analyzer      ; 00:00:02     ; 1.0                     ; 4827 MB             ; 00:00:02                           ;
; EDA Netlist Writer   ; 00:00:00     ; 1.0                     ; 4624 MB             ; 00:00:01                           ;
; EDA Netlist Writer   ; 00:00:00     ; 1.0                     ; 4633 MB             ; 00:00:01                           ;
; Total                ; 00:00:19     ; --                      ; --                  ; 00:00:32                           ;
+----------------------+--------------+-------------------------+---------------------+------------------------------------+


+------------------------------------------------------------------------------------+
; Flow OS Summary                                                                    ;
+----------------------+------------------+------------+------------+----------------+
; Module Name          ; Machine Hostname ; OS Name    ; OS Version ; Processor type ;
+----------------------+------------------+------------+------------+----------------+
; Analysis & Synthesis ; Superintendente  ; Windows 10 ; 10.0       ; x86_64         ;
; Fitter               ; Superintendente  ; Windows 10 ; 10.0       ; x86_64         ;
; Assembler            ; Superintendente  ; Windows 10 ; 10.0       ; x86_64         ;
; Timing Analyzer      ; Superintendente  ; Windows 10 ; 10.0       ; x86_64         ;
; EDA Netlist Writer   ; Superintendente  ; Windows 10 ; 10.0       ; x86_64         ;
; EDA Netlist Writer   ; Superintendente  ; Windows 10 ; 10.0       ; x86_64         ;
+----------------------+------------------+------------+------------+----------------+


------------
; Flow Log ;
------------
quartus_map --read_settings_files=on --write_settings_files=off Proyecto3 -c Proyecto3
quartus_fit --read_settings_files=off --write_settings_files=off Proyecto3 -c Proyecto3
quartus_asm --read_settings_files=off --write_settings_files=off Proyecto3 -c Proyecto3
quartus_sta Proyecto3 -c Proyecto3
quartus_eda --gen_testbench --tool=modelsim_oem --format=vhdl --write_settings_files=off Proyecto3 -c Proyecto3 --vector_source=C:/Users/arkra/Desktop/UNAM/2022-I/DDM/PROYECTOS/P3/Quartus/Waveform2.vwf --testbench_file=C:/Users/arkra/Desktop/UNAM/2022-I/DDM/PROYECTOS/P3/Quartus/simulation/qsim/Waveform2.vwf.vht
quartus_eda --write_settings_files=off --simulation=on --functional=on --flatten_buses=off --tool=modelsim_oem --format=vhdl --output_directory=C:/Users/arkra/Desktop/UNAM/2022-I/DDM/PROYECTOS/P3/Quartus/simulation/qsim/ Proyecto3 -c Proyecto3



